<?xml version="1.0"?>
<component name="org.nuxeo.ecm.directory.mongodb.test.references">

  <require>org.nuxeo.directory.mongodb.MongoDBDirectoryFactory</require>

  <extension target="org.nuxeo.directory.mongodb.MongoDBDirectoryFactory"
             point="directories">

    <directory name="userDirectory">

      <schema>user</schema>
      <types>
        <type>system</type>
      </types>
      <serverUrl>${nuxeo.test.mongodb.server}</serverUrl>
      <databaseName>${nuxeo.test.mongodb.dbname}</databaseName>
      <createTablePolicy>always</createTablePolicy>
      <autoincrementIdField>false</autoincrementIdField>
      <idField>username</idField>
      <passwordField>password</passwordField>
      <passwordHashAlgorithm>SSHA</passwordHashAlgorithm>
      <autoincrementIdField>false</autoincrementIdField>
      <dataFile>test-users.csv</dataFile>

      <references>
        <reference field="groups" directory="groupDirectory"
                        collection="user2group" sourceField="userId"
                        targetField="groupId" dataFile="test-user2group.csv"/>
      </references>

    </directory>


    <directory name="groupDirectory">

      <schema>group</schema>
      <types>
        <type>system</type>
      </types>
      <serverUrl>${nuxeo.test.mongodb.server}</serverUrl>
      <databaseName>${nuxeo.test.mongodb.dbname}</databaseName>
      <idField>groupname</idField>
      <autoincrementIdField>false</autoincrementIdField>
      <dataFile>test-groups.csv</dataFile>
      <createTablePolicy>always</createTablePolicy>

      <references>
        <inverseReference field="members" directory="userDirectory"
                          dualReferenceField="groups"/>
        <reference field="subGroups" directory="groupDirectory"
                        collection="group2group" sourceField="childGroupId"
                        targetField="parentGroupId"/>
        <inverseReference field="parentGroups"
                          directory="groupDirectory" dualReferenceField="subGroups"/>
      </references>

    </directory>

  </extension>
</component>
