<?xml version="1.0"?>
<component name="org.nuxeo.ecm.mongodb.directory.autoincrement">

  <extension target="org.nuxeo.ecm.core.schema.TypeService"
             point="schema">
    <schema name="testSchema" src="schema/testSchema.xsd" />
  </extension>

  <extension target="org.nuxeo.directory.mongodb.MongoDBDirectoryFactory"
             point="directories">

    <directory name="testDirectory">

      <schema>testSchema</schema>
      <serverUrl>${nuxeo.test.mongodb.server}</serverUrl>
      <databaseName>${nuxeo.test.mongodb.dbname}</databaseName>
      <idField>id</idField>
      <autoincrementIdField>true</autoincrementIdField>
      <createTablePolicy>always</createTablePolicy>

    </directory>
  </extension>

</component>