<?xml version="1.0"?>
<component name="org.nuxeo.directory.mongodb.test">

  <require>org.nuxeo.directory.mongodb.MongoDBDirectoryFactory</require>

  <extension target="org.nuxeo.directory.mongodb.MongoDBDirectoryFactory"
             point="directories">

    <directory name="testContinent">

      <schema>vocabulary</schema>
      <serverUrl>${nuxeo.test.mongodb.server}</serverUrl>
      <databaseName>${nuxeo.test.mongodb.dbname}</databaseName>
      <dataFile>continent.csv</dataFile>
      <idField>id</idField>
      <createTablePolicy>always</createTablePolicy>
      <autoincrementIdField>false</autoincrementIdField>
      <cacheEntryName>mongodb-entry-cache</cacheEntryName>
      <cacheEntryWithoutReferencesName>mongodb-entry-cache-without-references</cacheEntryWithoutReferencesName>
    </directory>

  </extension>

</component>
